<?xml version="1.0" encoding="UTF-8"?>
<!-- Generated by org.testng.reporters.JUnitReportReporter -->
<testsuite hostname="AanshiJain" name="com.restassured.practice.UpdateDataToPostsCompletely" tests="1" failures="0" timestamp="27 Aug 2020 11:03:49 GMT" time="4.878" errors="0">
  <testcase name="updateData" time="4.878" classname="com.restassured.practice.UpdateDataToPostsCompletely"/>
</testsuite> <!-- com.restassured.practice.UpdateDataToPostsCompletely -->
