<?xml version="1.0" encoding="UTF-8"?>
<!-- Generated by org.testng.reporters.JUnitReportReporter -->
<testsuite hostname="AanshiJain" name="com.api.testScripts.FetchEmployeeIDTest" tests="1" failures="0" timestamp="11 Sep 2020 14:24:56 GMT" time="11.330" errors="0">
  <testcase name="checkEmployeeId" time="11.330" classname="com.api.testScripts.FetchEmployeeIDTest"/>
</testsuite> <!-- com.api.testScripts.FetchEmployeeIDTest -->
