<?xml version="1.0" encoding="UTF-8"?>
<!-- Generated by org.testng.reporters.JUnitReportReporter -->
<testsuite hostname="AanshiJain" name="com.restassured.practice.DemoJsonPath" tests="1" failures="0" timestamp="1 Sep 2020 13:15:33 GMT" time="7.012" errors="0">
  <testcase name="checkJsonPath" time="7.012" classname="com.restassured.practice.DemoJsonPath"/>
</testsuite> <!-- com.restassured.practice.DemoJsonPath -->
