<?xml version="1.0" encoding="UTF-8"?>
<!-- Generated by org.testng.reporters.JUnitReportReporter -->
<testsuite hostname="AanshiJain" name="com.restassured.practice.InsertDataToPosts" tests="1" failures="0" timestamp="27 Aug 2020 11:01:28 GMT" time="5.458" errors="0">
  <testcase name="addData" time="5.458" classname="com.restassured.practice.InsertDataToPosts"/>
</testsuite> <!-- com.restassured.practice.InsertDataToPosts -->
