<?xml version="1.0" encoding="UTF-8"?>
<!-- Generated by org.testng.reporters.JUnitReportReporter -->
<testsuite hostname="AanshiJain" name="com.restassured.practice.UpdateDataPartially" tests="1" failures="0" timestamp="27 Aug 2020 11:06:08 GMT" time="4.966" errors="0">
  <testcase name="partialUpdate" time="4.966" classname="com.restassured.practice.UpdateDataPartially"/>
</testsuite> <!-- com.restassured.practice.UpdateDataPartially -->
