<?xml version="1.0" encoding="UTF-8"?>
<!-- Generated by org.testng.reporters.JUnitReportReporter -->
<testsuite hostname="AanshiJain" name="com.restassured.practice.FetchCodeByCountryName" tests="1" failures="0" timestamp="2 Sep 2020 16:53:25 GMT" time="11.745" errors="0">
  <testcase name="FetchCodeByCN" time="11.745" classname="com.restassured.practice.FetchCodeByCountryName"/>
</testsuite> <!-- com.restassured.practice.FetchCodeByCountryName -->
