<?xml version="1.0" encoding="UTF-8"?>
<!-- Generated by org.testng.reporters.JUnitReportReporter -->
<testsuite hostname="AanshiJain" name="com.restassured.practice.AddingComplexData" tests="1" failures="0" timestamp="1 Sep 2020 07:20:17 GMT" time="6.669" errors="0">
  <testcase name="addData" time="6.669" classname="com.restassured.practice.AddingComplexData"/>
</testsuite> <!-- com.restassured.practice.AddingComplexData -->
