<?xml version="1.0" encoding="UTF-8"?>
<!-- Generated by org.testng.reporters.JUnitReportReporter -->
<testsuite hostname="AanshiJain" name="com.api.testScripts.FetchAllPostsTest" tests="1" failures="0" timestamp="11 Sep 2020 14:52:02 GMT" time="4.792" errors="0">
  <testcase name="getData" time="4.792" classname="com.api.testScripts.FetchAllPostsTest"/>
</testsuite> <!-- com.api.testScripts.FetchAllPostsTest -->
