<?xml version="1.0" encoding="UTF-8"?>
<!-- Generated by org.testng.reporters.JUnitReportReporter -->
<testsuite hostname="AanshiJain" name="com.restassured.practice.Assignment_N02_02092020" tests="1" failures="0" timestamp="2 Sep 2020 15:36:13 GMT" time="8.248" errors="0">
  <testcase name="fetchDataByTitle" time="8.248" classname="com.restassured.practice.Assignment_N02_02092020"/>
</testsuite> <!-- com.restassured.practice.Assignment_N02_02092020 -->
